20:47:04.192 [main] DEBUG org.testng.TestNG - suiteXmlPath: "D:\Automation_Projects\OpencartWebAutomation\testng.xml"
20:47:14.909 [main] INFO  testCases.TC_001_AccountRegistrationTest - *** Starting TC001_AccountRegistrationTest ***
20:47:15.047 [main] INFO  testCases.TC_001_AccountRegistrationTest - Clicked on MyAccount Link
20:47:19.387 [main] INFO  testCases.TC_001_AccountRegistrationTest - Clicked on Register Link
20:47:19.387 [main] INFO  testCases.TC_001_AccountRegistrationTest - Providing customer details
20:47:36.995 [main] INFO  testCases.TC_002_LoginTest - *** Starting TC002_LoginTest ***
20:47:54.277 [main] DEBUG org.apache.poi.openxml4j.opc.PackageRelationshipCollection - Parsing relationship: /xl/_rels/workbook.xml.rels
20:47:54.285 [main] DEBUG org.apache.poi.openxml4j.opc.PackageRelationshipCollection - Parsing relationship: /xl/worksheets/_rels/sheet1.xml.rels
20:47:54.288 [main] DEBUG org.apache.poi.openxml4j.opc.PackageRelationshipCollection - Parsing relationship: /_rels/.rels
20:47:55.206 [main] DEBUG org.apache.poi.openxml4j.opc.PackageRelationshipCollection - Parsing relationship: /xl/_rels/workbook.xml.rels
20:47:55.208 [main] DEBUG org.apache.poi.openxml4j.opc.PackageRelationshipCollection - Parsing relationship: /xl/worksheets/_rels/sheet1.xml.rels
20:47:55.210 [main] DEBUG org.apache.poi.openxml4j.opc.PackageRelationshipCollection - Parsing relationship: /_rels/.rels
20:47:55.259 [main] DEBUG org.apache.poi.openxml4j.opc.PackageRelationshipCollection - Parsing relationship: /xl/_rels/workbook.xml.rels
20:47:55.261 [main] DEBUG org.apache.poi.openxml4j.opc.PackageRelationshipCollection - Parsing relationship: /xl/worksheets/_rels/sheet1.xml.rels
20:47:55.263 [main] DEBUG org.apache.poi.openxml4j.opc.PackageRelationshipCollection - Parsing relationship: /_rels/.rels
20:47:55.311 [main] DEBUG org.apache.poi.openxml4j.opc.PackageRelationshipCollection - Parsing relationship: /xl/_rels/workbook.xml.rels
20:47:55.312 [main] DEBUG org.apache.poi.openxml4j.opc.PackageRelationshipCollection - Parsing relationship: /xl/worksheets/_rels/sheet1.xml.rels
20:47:55.315 [main] DEBUG org.apache.poi.openxml4j.opc.PackageRelationshipCollection - Parsing relationship: /_rels/.rels
20:47:55.347 [main] DEBUG org.apache.poi.openxml4j.opc.PackageRelationshipCollection - Parsing relationship: /xl/_rels/workbook.xml.rels
20:47:55.349 [main] DEBUG org.apache.poi.openxml4j.opc.PackageRelationshipCollection - Parsing relationship: /xl/worksheets/_rels/sheet1.xml.rels
20:47:55.350 [main] DEBUG org.apache.poi.openxml4j.opc.PackageRelationshipCollection - Parsing relationship: /_rels/.rels
20:47:55.383 [main] DEBUG org.apache.poi.openxml4j.opc.PackageRelationshipCollection - Parsing relationship: /xl/_rels/workbook.xml.rels
20:47:55.388 [main] DEBUG org.apache.poi.openxml4j.opc.PackageRelationshipCollection - Parsing relationship: /xl/worksheets/_rels/sheet1.xml.rels
20:47:55.391 [main] DEBUG org.apache.poi.openxml4j.opc.PackageRelationshipCollection - Parsing relationship: /_rels/.rels
20:47:55.439 [main] DEBUG org.apache.poi.openxml4j.opc.PackageRelationshipCollection - Parsing relationship: /xl/_rels/workbook.xml.rels
20:47:55.441 [main] DEBUG org.apache.poi.openxml4j.opc.PackageRelationshipCollection - Parsing relationship: /xl/worksheets/_rels/sheet1.xml.rels
20:47:55.443 [main] DEBUG org.apache.poi.openxml4j.opc.PackageRelationshipCollection - Parsing relationship: /_rels/.rels
20:47:55.482 [main] DEBUG org.apache.poi.openxml4j.opc.PackageRelationshipCollection - Parsing relationship: /xl/_rels/workbook.xml.rels
20:47:55.484 [main] DEBUG org.apache.poi.openxml4j.opc.PackageRelationshipCollection - Parsing relationship: /xl/worksheets/_rels/sheet1.xml.rels
20:47:55.486 [main] DEBUG org.apache.poi.openxml4j.opc.PackageRelationshipCollection - Parsing relationship: /_rels/.rels
20:47:55.539 [main] DEBUG org.apache.poi.openxml4j.opc.PackageRelationshipCollection - Parsing relationship: /xl/_rels/workbook.xml.rels
20:47:55.541 [main] DEBUG org.apache.poi.openxml4j.opc.PackageRelationshipCollection - Parsing relationship: /xl/worksheets/_rels/sheet1.xml.rels
20:47:55.543 [main] DEBUG org.apache.poi.openxml4j.opc.PackageRelationshipCollection - Parsing relationship: /_rels/.rels
20:47:55.591 [main] DEBUG org.apache.poi.openxml4j.opc.PackageRelationshipCollection - Parsing relationship: /xl/_rels/workbook.xml.rels
20:47:55.592 [main] DEBUG org.apache.poi.openxml4j.opc.PackageRelationshipCollection - Parsing relationship: /xl/worksheets/_rels/sheet1.xml.rels
20:47:55.595 [main] DEBUG org.apache.poi.openxml4j.opc.PackageRelationshipCollection - Parsing relationship: /_rels/.rels
20:47:55.643 [main] DEBUG org.apache.poi.openxml4j.opc.PackageRelationshipCollection - Parsing relationship: /xl/_rels/workbook.xml.rels
20:47:55.646 [main] DEBUG org.apache.poi.openxml4j.opc.PackageRelationshipCollection - Parsing relationship: /xl/worksheets/_rels/sheet1.xml.rels
20:47:55.648 [main] DEBUG org.apache.poi.openxml4j.opc.PackageRelationshipCollection - Parsing relationship: /_rels/.rels
20:47:55.690 [main] DEBUG org.apache.poi.openxml4j.opc.PackageRelationshipCollection - Parsing relationship: /xl/_rels/workbook.xml.rels
20:47:55.692 [main] DEBUG org.apache.poi.openxml4j.opc.PackageRelationshipCollection - Parsing relationship: /xl/worksheets/_rels/sheet1.xml.rels
20:47:55.693 [main] DEBUG org.apache.poi.openxml4j.opc.PackageRelationshipCollection - Parsing relationship: /_rels/.rels
20:47:55.728 [main] DEBUG org.apache.poi.openxml4j.opc.PackageRelationshipCollection - Parsing relationship: /xl/_rels/workbook.xml.rels
20:47:55.729 [main] DEBUG org.apache.poi.openxml4j.opc.PackageRelationshipCollection - Parsing relationship: /xl/worksheets/_rels/sheet1.xml.rels
20:47:55.731 [main] DEBUG org.apache.poi.openxml4j.opc.PackageRelationshipCollection - Parsing relationship: /_rels/.rels
20:47:55.762 [main] DEBUG org.apache.poi.openxml4j.opc.PackageRelationshipCollection - Parsing relationship: /xl/_rels/workbook.xml.rels
20:47:55.764 [main] DEBUG org.apache.poi.openxml4j.opc.PackageRelationshipCollection - Parsing relationship: /xl/worksheets/_rels/sheet1.xml.rels
20:47:55.765 [main] DEBUG org.apache.poi.openxml4j.opc.PackageRelationshipCollection - Parsing relationship: /_rels/.rels
20:47:55.795 [main] DEBUG org.apache.poi.openxml4j.opc.PackageRelationshipCollection - Parsing relationship: /xl/_rels/workbook.xml.rels
20:47:55.797 [main] DEBUG org.apache.poi.openxml4j.opc.PackageRelationshipCollection - Parsing relationship: /xl/worksheets/_rels/sheet1.xml.rels
20:47:55.798 [main] DEBUG org.apache.poi.openxml4j.opc.PackageRelationshipCollection - Parsing relationship: /_rels/.rels
20:47:55.825 [main] DEBUG org.apache.poi.openxml4j.opc.PackageRelationshipCollection - Parsing relationship: /xl/_rels/workbook.xml.rels
20:47:55.827 [main] DEBUG org.apache.poi.openxml4j.opc.PackageRelationshipCollection - Parsing relationship: /xl/worksheets/_rels/sheet1.xml.rels
20:47:55.828 [main] DEBUG org.apache.poi.openxml4j.opc.PackageRelationshipCollection - Parsing relationship: /_rels/.rels
20:47:55.860 [main] DEBUG org.apache.poi.openxml4j.opc.PackageRelationshipCollection - Parsing relationship: /xl/_rels/workbook.xml.rels
20:47:55.861 [main] DEBUG org.apache.poi.openxml4j.opc.PackageRelationshipCollection - Parsing relationship: /xl/worksheets/_rels/sheet1.xml.rels
20:47:55.862 [main] DEBUG org.apache.poi.openxml4j.opc.PackageRelationshipCollection - Parsing relationship: /_rels/.rels
20:47:55.896 [main] INFO  testCases.TC_003_LoginDDT - *** Starting TC003_LoginDDT ***
20:48:06.410 [main] INFO  testCases.TC_003_LoginDDT - *** Starting TC003_LoginDDT ***
20:48:17.002 [main] INFO  testCases.TC_003_LoginDDT - *** Starting TC003_LoginDDT ***
20:48:27.681 [main] INFO  testCases.TC_003_LoginDDT - *** Starting TC003_LoginDDT ***
20:48:38.372 [main] INFO  testCases.TC_003_LoginDDT - *** Starting TC003_LoginDDT ***
20:48:56.068 [main] INFO  testCases.TC_004_ProductSearchTest - *** Starting TC_004_ProductSearchTest ***
20:49:15.187 [main] INFO  testCases.TC_005_TabletMenuTest - *** Starting TC_005_TabletMenuTest ***
20:51:00.859 [main] DEBUG org.testng.TestNG - suiteXmlPath: "D:\Automation_Projects\OpencartWebAutomation\testng.xml"
20:51:06.816 [main] INFO  testCases.TC_001_AccountRegistrationTest - *** Starting TC001_AccountRegistrationTest ***
20:51:06.976 [main] INFO  testCases.TC_001_AccountRegistrationTest - Clicked on MyAccount Link
20:51:07.618 [main] INFO  testCases.TC_001_AccountRegistrationTest - Clicked on Register Link
20:51:07.620 [main] INFO  testCases.TC_001_AccountRegistrationTest - Providing customer details
20:51:11.974 [main] INFO  testCases.TC_001_AccountRegistrationTest - Validating expected message
20:51:16.431 [main] INFO  testCases.TC_002_LoginTest - *** Starting TC002_LoginTest ***
20:51:16.542 [main] INFO  testCases.TC_002_LoginTest - Clicked on My Account
20:51:17.287 [main] INFO  testCases.TC_002_LoginTest - Clicked on Login
20:51:17.290 [main] INFO  testCases.TC_002_LoginTest - Providing login details
20:51:18.323 [main] INFO  testCases.TC_002_LoginTest - Clicked on Login button
20:51:18.325 [main] INFO  testCases.TC_002_LoginTest - Validating My Account page is exists or not
20:51:23.129 [main] DEBUG org.apache.poi.openxml4j.opc.PackageRelationshipCollection - Parsing relationship: /xl/_rels/workbook.xml.rels
20:51:23.136 [main] DEBUG org.apache.poi.openxml4j.opc.PackageRelationshipCollection - Parsing relationship: /xl/worksheets/_rels/sheet1.xml.rels
20:51:23.141 [main] DEBUG org.apache.poi.openxml4j.opc.PackageRelationshipCollection - Parsing relationship: /_rels/.rels
20:51:24.245 [main] DEBUG org.apache.poi.openxml4j.opc.PackageRelationshipCollection - Parsing relationship: /xl/_rels/workbook.xml.rels
20:51:24.248 [main] DEBUG org.apache.poi.openxml4j.opc.PackageRelationshipCollection - Parsing relationship: /xl/worksheets/_rels/sheet1.xml.rels
20:51:24.251 [main] DEBUG org.apache.poi.openxml4j.opc.PackageRelationshipCollection - Parsing relationship: /_rels/.rels
20:51:24.330 [main] DEBUG org.apache.poi.openxml4j.opc.PackageRelationshipCollection - Parsing relationship: /xl/_rels/workbook.xml.rels
20:51:24.333 [main] DEBUG org.apache.poi.openxml4j.opc.PackageRelationshipCollection - Parsing relationship: /xl/worksheets/_rels/sheet1.xml.rels
20:51:24.338 [main] DEBUG org.apache.poi.openxml4j.opc.PackageRelationshipCollection - Parsing relationship: /_rels/.rels
20:51:24.425 [main] DEBUG org.apache.poi.openxml4j.opc.PackageRelationshipCollection - Parsing relationship: /xl/_rels/workbook.xml.rels
20:51:24.427 [main] DEBUG org.apache.poi.openxml4j.opc.PackageRelationshipCollection - Parsing relationship: /xl/worksheets/_rels/sheet1.xml.rels
20:51:24.430 [main] DEBUG org.apache.poi.openxml4j.opc.PackageRelationshipCollection - Parsing relationship: /_rels/.rels
20:51:24.483 [main] DEBUG org.apache.poi.openxml4j.opc.PackageRelationshipCollection - Parsing relationship: /xl/_rels/workbook.xml.rels
20:51:24.485 [main] DEBUG org.apache.poi.openxml4j.opc.PackageRelationshipCollection - Parsing relationship: /xl/worksheets/_rels/sheet1.xml.rels
20:51:24.488 [main] DEBUG org.apache.poi.openxml4j.opc.PackageRelationshipCollection - Parsing relationship: /_rels/.rels
20:51:24.543 [main] DEBUG org.apache.poi.openxml4j.opc.PackageRelationshipCollection - Parsing relationship: /xl/_rels/workbook.xml.rels
20:51:24.545 [main] DEBUG org.apache.poi.openxml4j.opc.PackageRelationshipCollection - Parsing relationship: /xl/worksheets/_rels/sheet1.xml.rels
20:51:24.547 [main] DEBUG org.apache.poi.openxml4j.opc.PackageRelationshipCollection - Parsing relationship: /_rels/.rels
20:51:24.599 [main] DEBUG org.apache.poi.openxml4j.opc.PackageRelationshipCollection - Parsing relationship: /xl/_rels/workbook.xml.rels
20:51:24.601 [main] DEBUG org.apache.poi.openxml4j.opc.PackageRelationshipCollection - Parsing relationship: /xl/worksheets/_rels/sheet1.xml.rels
20:51:24.616 [main] DEBUG org.apache.poi.openxml4j.opc.PackageRelationshipCollection - Parsing relationship: /_rels/.rels
20:51:24.664 [main] DEBUG org.apache.poi.openxml4j.opc.PackageRelationshipCollection - Parsing relationship: /xl/_rels/workbook.xml.rels
20:51:24.666 [main] DEBUG org.apache.poi.openxml4j.opc.PackageRelationshipCollection - Parsing relationship: /xl/worksheets/_rels/sheet1.xml.rels
20:51:24.668 [main] DEBUG org.apache.poi.openxml4j.opc.PackageRelationshipCollection - Parsing relationship: /_rels/.rels
20:51:24.714 [main] DEBUG org.apache.poi.openxml4j.opc.PackageRelationshipCollection - Parsing relationship: /xl/_rels/workbook.xml.rels
20:51:24.716 [main] DEBUG org.apache.poi.openxml4j.opc.PackageRelationshipCollection - Parsing relationship: /xl/worksheets/_rels/sheet1.xml.rels
20:51:24.718 [main] DEBUG org.apache.poi.openxml4j.opc.PackageRelationshipCollection - Parsing relationship: /_rels/.rels
20:51:24.776 [main] DEBUG org.apache.poi.openxml4j.opc.PackageRelationshipCollection - Parsing relationship: /xl/_rels/workbook.xml.rels
20:51:24.778 [main] DEBUG org.apache.poi.openxml4j.opc.PackageRelationshipCollection - Parsing relationship: /xl/worksheets/_rels/sheet1.xml.rels
20:51:24.780 [main] DEBUG org.apache.poi.openxml4j.opc.PackageRelationshipCollection - Parsing relationship: /_rels/.rels
20:51:24.840 [main] DEBUG org.apache.poi.openxml4j.opc.PackageRelationshipCollection - Parsing relationship: /xl/_rels/workbook.xml.rels
20:51:24.842 [main] DEBUG org.apache.poi.openxml4j.opc.PackageRelationshipCollection - Parsing relationship: /xl/worksheets/_rels/sheet1.xml.rels
20:51:24.845 [main] DEBUG org.apache.poi.openxml4j.opc.PackageRelationshipCollection - Parsing relationship: /_rels/.rels
20:51:24.899 [main] DEBUG org.apache.poi.openxml4j.opc.PackageRelationshipCollection - Parsing relationship: /xl/_rels/workbook.xml.rels
20:51:24.901 [main] DEBUG org.apache.poi.openxml4j.opc.PackageRelationshipCollection - Parsing relationship: /xl/worksheets/_rels/sheet1.xml.rels
20:51:24.903 [main] DEBUG org.apache.poi.openxml4j.opc.PackageRelationshipCollection - Parsing relationship: /_rels/.rels
20:51:24.943 [main] DEBUG org.apache.poi.openxml4j.opc.PackageRelationshipCollection - Parsing relationship: /xl/_rels/workbook.xml.rels
20:51:24.945 [main] DEBUG org.apache.poi.openxml4j.opc.PackageRelationshipCollection - Parsing relationship: /xl/worksheets/_rels/sheet1.xml.rels
20:51:24.948 [main] DEBUG org.apache.poi.openxml4j.opc.PackageRelationshipCollection - Parsing relationship: /_rels/.rels
20:51:24.995 [main] DEBUG org.apache.poi.openxml4j.opc.PackageRelationshipCollection - Parsing relationship: /xl/_rels/workbook.xml.rels
20:51:24.998 [main] DEBUG org.apache.poi.openxml4j.opc.PackageRelationshipCollection - Parsing relationship: /xl/worksheets/_rels/sheet1.xml.rels
20:51:25.001 [main] DEBUG org.apache.poi.openxml4j.opc.PackageRelationshipCollection - Parsing relationship: /_rels/.rels
20:51:25.043 [main] DEBUG org.apache.poi.openxml4j.opc.PackageRelationshipCollection - Parsing relationship: /xl/_rels/workbook.xml.rels
20:51:25.044 [main] DEBUG org.apache.poi.openxml4j.opc.PackageRelationshipCollection - Parsing relationship: /xl/worksheets/_rels/sheet1.xml.rels
20:51:25.048 [main] DEBUG org.apache.poi.openxml4j.opc.PackageRelationshipCollection - Parsing relationship: /_rels/.rels
20:51:25.091 [main] DEBUG org.apache.poi.openxml4j.opc.PackageRelationshipCollection - Parsing relationship: /xl/_rels/workbook.xml.rels
20:51:25.093 [main] DEBUG org.apache.poi.openxml4j.opc.PackageRelationshipCollection - Parsing relationship: /xl/worksheets/_rels/sheet1.xml.rels
20:51:25.094 [main] DEBUG org.apache.poi.openxml4j.opc.PackageRelationshipCollection - Parsing relationship: /_rels/.rels
20:51:25.132 [main] DEBUG org.apache.poi.openxml4j.opc.PackageRelationshipCollection - Parsing relationship: /xl/_rels/workbook.xml.rels
20:51:25.133 [main] DEBUG org.apache.poi.openxml4j.opc.PackageRelationshipCollection - Parsing relationship: /xl/worksheets/_rels/sheet1.xml.rels
20:51:25.134 [main] DEBUG org.apache.poi.openxml4j.opc.PackageRelationshipCollection - Parsing relationship: /_rels/.rels
20:51:25.173 [main] INFO  testCases.TC_003_LoginDDT - *** Starting TC003_LoginDDT ***
20:51:25.299 [main] INFO  testCases.TC_003_LoginDDT - Clicked on My Account
20:51:25.949 [main] INFO  testCases.TC_003_LoginDDT - Clicked on Login
20:51:25.950 [main] INFO  testCases.TC_003_LoginDDT - Providing login details
20:51:27.236 [main] INFO  testCases.TC_003_LoginDDT - Clicked on Login button
20:51:27.237 [main] INFO  testCases.TC_003_LoginDDT - Validating My Account page is exists or not
20:51:28.047 [main] INFO  testCases.TC_003_LoginDDT - *** Starting TC003_LoginDDT ***
20:51:28.288 [main] INFO  testCases.TC_003_LoginDDT - Clicked on My Account
20:51:28.892 [main] INFO  testCases.TC_003_LoginDDT - Clicked on Login
20:51:28.893 [main] INFO  testCases.TC_003_LoginDDT - Providing login details
20:51:29.766 [main] INFO  testCases.TC_003_LoginDDT - Clicked on Login button
20:51:29.766 [main] INFO  testCases.TC_003_LoginDDT - Validating My Account page is exists or not
20:51:39.803 [main] INFO  testCases.TC_003_LoginDDT - *** Starting TC003_LoginDDT ***
20:51:39.885 [main] INFO  testCases.TC_003_LoginDDT - Clicked on My Account
20:51:40.421 [main] INFO  testCases.TC_003_LoginDDT - Clicked on Login
20:51:40.421 [main] INFO  testCases.TC_003_LoginDDT - Providing login details
20:51:41.534 [main] INFO  testCases.TC_003_LoginDDT - Clicked on Login button
20:51:41.535 [main] INFO  testCases.TC_003_LoginDDT - Validating My Account page is exists or not
20:51:51.584 [main] INFO  testCases.TC_003_LoginDDT - *** Starting TC003_LoginDDT ***
20:51:51.673 [main] INFO  testCases.TC_003_LoginDDT - Clicked on My Account
20:51:52.143 [main] INFO  testCases.TC_003_LoginDDT - Clicked on Login
20:51:52.145 [main] INFO  testCases.TC_003_LoginDDT - Providing login details
20:51:53.141 [main] INFO  testCases.TC_003_LoginDDT - Clicked on Login button
20:51:53.142 [main] INFO  testCases.TC_003_LoginDDT - Validating My Account page is exists or not
20:52:03.179 [main] INFO  testCases.TC_003_LoginDDT - *** Starting TC003_LoginDDT ***
20:52:03.287 [main] INFO  testCases.TC_003_LoginDDT - Clicked on My Account
20:52:03.709 [main] INFO  testCases.TC_003_LoginDDT - Clicked on Login
20:52:03.709 [main] INFO  testCases.TC_003_LoginDDT - Providing login details
20:52:04.701 [main] INFO  testCases.TC_003_LoginDDT - Clicked on Login button
20:52:04.702 [main] INFO  testCases.TC_003_LoginDDT - Validating My Account page is exists or not
20:52:18.966 [main] INFO  testCases.TC_004_ProductSearchTest - *** Starting TC_004_ProductSearchTest ***
20:52:19.175 [main] INFO  testCases.TC_004_ProductSearchTest - Entered product name for searching
20:52:20.048 [main] INFO  testCases.TC_004_ProductSearchTest - Clicked on search button
20:52:20.050 [main] INFO  testCases.TC_004_ProductSearchTest - Validating product is available or not
20:52:24.370 [main] INFO  testCases.TC_005_TabletMenuTest - *** Starting TC_005_TabletMenuTest ***
21:20:47.489 [main] DEBUG org.testng.TestNG - suiteXmlPath: "D:\Automation_Projects\OpencartWebAutomation\testng.xml"
21:20:53.448 [main] INFO  testCases.TC_001_AccountRegistrationTest - *** Starting TC001_AccountRegistrationTest ***
21:20:53.587 [main] INFO  testCases.TC_001_AccountRegistrationTest - Clicked on MyAccount Link
21:20:54.315 [main] INFO  testCases.TC_001_AccountRegistrationTest - Clicked on Register Link
21:20:54.315 [main] INFO  testCases.TC_001_AccountRegistrationTest - Providing customer details
21:20:58.379 [main] INFO  testCases.TC_001_AccountRegistrationTest - Validating expected message
21:21:02.366 [main] INFO  testCases.TC_002_LoginTest - *** Starting TC002_LoginTest ***
21:21:02.482 [main] INFO  testCases.TC_002_LoginTest - Clicked on My Account
21:21:02.874 [main] INFO  testCases.TC_002_LoginTest - Clicked on Login
21:21:02.876 [main] INFO  testCases.TC_002_LoginTest - Providing login details
21:21:04.079 [main] INFO  testCases.TC_002_LoginTest - Clicked on Login button
21:21:04.083 [main] INFO  testCases.TC_002_LoginTest - Validating My Account page is exists or not
21:21:10.537 [main] DEBUG org.apache.poi.openxml4j.opc.PackageRelationshipCollection - Parsing relationship: /xl/_rels/workbook.xml.rels
21:21:10.547 [main] DEBUG org.apache.poi.openxml4j.opc.PackageRelationshipCollection - Parsing relationship: /xl/worksheets/_rels/sheet1.xml.rels
21:21:10.555 [main] DEBUG org.apache.poi.openxml4j.opc.PackageRelationshipCollection - Parsing relationship: /_rels/.rels
21:21:11.777 [main] DEBUG org.apache.poi.openxml4j.opc.PackageRelationshipCollection - Parsing relationship: /xl/_rels/workbook.xml.rels
21:21:11.781 [main] DEBUG org.apache.poi.openxml4j.opc.PackageRelationshipCollection - Parsing relationship: /xl/worksheets/_rels/sheet1.xml.rels
21:21:11.787 [main] DEBUG org.apache.poi.openxml4j.opc.PackageRelationshipCollection - Parsing relationship: /_rels/.rels
21:21:11.860 [main] DEBUG org.apache.poi.openxml4j.opc.PackageRelationshipCollection - Parsing relationship: /xl/_rels/workbook.xml.rels
21:21:11.863 [main] DEBUG org.apache.poi.openxml4j.opc.PackageRelationshipCollection - Parsing relationship: /xl/worksheets/_rels/sheet1.xml.rels
21:21:11.867 [main] DEBUG org.apache.poi.openxml4j.opc.PackageRelationshipCollection - Parsing relationship: /_rels/.rels
21:21:11.995 [main] DEBUG org.apache.poi.openxml4j.opc.PackageRelationshipCollection - Parsing relationship: /xl/_rels/workbook.xml.rels
21:21:12.000 [main] DEBUG org.apache.poi.openxml4j.opc.PackageRelationshipCollection - Parsing relationship: /xl/worksheets/_rels/sheet1.xml.rels
21:21:12.005 [main] DEBUG org.apache.poi.openxml4j.opc.PackageRelationshipCollection - Parsing relationship: /_rels/.rels
21:21:12.099 [main] DEBUG org.apache.poi.openxml4j.opc.PackageRelationshipCollection - Parsing relationship: /xl/_rels/workbook.xml.rels
21:21:12.103 [main] DEBUG org.apache.poi.openxml4j.opc.PackageRelationshipCollection - Parsing relationship: /xl/worksheets/_rels/sheet1.xml.rels
21:21:12.106 [main] DEBUG org.apache.poi.openxml4j.opc.PackageRelationshipCollection - Parsing relationship: /_rels/.rels
21:21:12.168 [main] DEBUG org.apache.poi.openxml4j.opc.PackageRelationshipCollection - Parsing relationship: /xl/_rels/workbook.xml.rels
21:21:12.172 [main] DEBUG org.apache.poi.openxml4j.opc.PackageRelationshipCollection - Parsing relationship: /xl/worksheets/_rels/sheet1.xml.rels
21:21:12.175 [main] DEBUG org.apache.poi.openxml4j.opc.PackageRelationshipCollection - Parsing relationship: /_rels/.rels
21:21:12.239 [main] DEBUG org.apache.poi.openxml4j.opc.PackageRelationshipCollection - Parsing relationship: /xl/_rels/workbook.xml.rels
21:21:12.241 [main] DEBUG org.apache.poi.openxml4j.opc.PackageRelationshipCollection - Parsing relationship: /xl/worksheets/_rels/sheet1.xml.rels
21:21:12.243 [main] DEBUG org.apache.poi.openxml4j.opc.PackageRelationshipCollection - Parsing relationship: /_rels/.rels
21:21:12.321 [main] DEBUG org.apache.poi.openxml4j.opc.PackageRelationshipCollection - Parsing relationship: /xl/_rels/workbook.xml.rels
21:21:12.324 [main] DEBUG org.apache.poi.openxml4j.opc.PackageRelationshipCollection - Parsing relationship: /xl/worksheets/_rels/sheet1.xml.rels
21:21:12.326 [main] DEBUG org.apache.poi.openxml4j.opc.PackageRelationshipCollection - Parsing relationship: /_rels/.rels
21:21:12.389 [main] DEBUG org.apache.poi.openxml4j.opc.PackageRelationshipCollection - Parsing relationship: /xl/_rels/workbook.xml.rels
21:21:12.391 [main] DEBUG org.apache.poi.openxml4j.opc.PackageRelationshipCollection - Parsing relationship: /xl/worksheets/_rels/sheet1.xml.rels
21:21:12.393 [main] DEBUG org.apache.poi.openxml4j.opc.PackageRelationshipCollection - Parsing relationship: /_rels/.rels
21:21:12.438 [main] DEBUG org.apache.poi.openxml4j.opc.PackageRelationshipCollection - Parsing relationship: /xl/_rels/workbook.xml.rels
21:21:12.440 [main] DEBUG org.apache.poi.openxml4j.opc.PackageRelationshipCollection - Parsing relationship: /xl/worksheets/_rels/sheet1.xml.rels
21:21:12.441 [main] DEBUG org.apache.poi.openxml4j.opc.PackageRelationshipCollection - Parsing relationship: /_rels/.rels
21:21:12.507 [main] DEBUG org.apache.poi.openxml4j.opc.PackageRelationshipCollection - Parsing relationship: /xl/_rels/workbook.xml.rels
21:21:12.509 [main] DEBUG org.apache.poi.openxml4j.opc.PackageRelationshipCollection - Parsing relationship: /xl/worksheets/_rels/sheet1.xml.rels
21:21:12.512 [main] DEBUG org.apache.poi.openxml4j.opc.PackageRelationshipCollection - Parsing relationship: /_rels/.rels
21:21:12.576 [main] DEBUG org.apache.poi.openxml4j.opc.PackageRelationshipCollection - Parsing relationship: /xl/_rels/workbook.xml.rels
21:21:12.578 [main] DEBUG org.apache.poi.openxml4j.opc.PackageRelationshipCollection - Parsing relationship: /xl/worksheets/_rels/sheet1.xml.rels
21:21:12.580 [main] DEBUG org.apache.poi.openxml4j.opc.PackageRelationshipCollection - Parsing relationship: /_rels/.rels
21:21:12.627 [main] DEBUG org.apache.poi.openxml4j.opc.PackageRelationshipCollection - Parsing relationship: /xl/_rels/workbook.xml.rels
21:21:12.629 [main] DEBUG org.apache.poi.openxml4j.opc.PackageRelationshipCollection - Parsing relationship: /xl/worksheets/_rels/sheet1.xml.rels
21:21:12.632 [main] DEBUG org.apache.poi.openxml4j.opc.PackageRelationshipCollection - Parsing relationship: /_rels/.rels
21:21:12.670 [main] DEBUG org.apache.poi.openxml4j.opc.PackageRelationshipCollection - Parsing relationship: /xl/_rels/workbook.xml.rels
21:21:12.672 [main] DEBUG org.apache.poi.openxml4j.opc.PackageRelationshipCollection - Parsing relationship: /xl/worksheets/_rels/sheet1.xml.rels
21:21:12.673 [main] DEBUG org.apache.poi.openxml4j.opc.PackageRelationshipCollection - Parsing relationship: /_rels/.rels
21:21:12.724 [main] DEBUG org.apache.poi.openxml4j.opc.PackageRelationshipCollection - Parsing relationship: /xl/_rels/workbook.xml.rels
21:21:12.726 [main] DEBUG org.apache.poi.openxml4j.opc.PackageRelationshipCollection - Parsing relationship: /xl/worksheets/_rels/sheet1.xml.rels
21:21:12.728 [main] DEBUG org.apache.poi.openxml4j.opc.PackageRelationshipCollection - Parsing relationship: /_rels/.rels
21:21:12.766 [main] DEBUG org.apache.poi.openxml4j.opc.PackageRelationshipCollection - Parsing relationship: /xl/_rels/workbook.xml.rels
21:21:12.768 [main] DEBUG org.apache.poi.openxml4j.opc.PackageRelationshipCollection - Parsing relationship: /xl/worksheets/_rels/sheet1.xml.rels
21:21:12.769 [main] DEBUG org.apache.poi.openxml4j.opc.PackageRelationshipCollection - Parsing relationship: /_rels/.rels
21:21:12.816 [main] DEBUG org.apache.poi.openxml4j.opc.PackageRelationshipCollection - Parsing relationship: /xl/_rels/workbook.xml.rels
21:21:12.818 [main] DEBUG org.apache.poi.openxml4j.opc.PackageRelationshipCollection - Parsing relationship: /xl/worksheets/_rels/sheet1.xml.rels
21:21:12.820 [main] DEBUG org.apache.poi.openxml4j.opc.PackageRelationshipCollection - Parsing relationship: /_rels/.rels
21:21:12.872 [main] INFO  testCases.TC_003_LoginDDT - *** Starting TC003_LoginDDT ***
21:21:13.041 [main] INFO  testCases.TC_003_LoginDDT - Clicked on My Account
21:21:13.726 [main] INFO  testCases.TC_003_LoginDDT - Clicked on Login
21:21:13.726 [main] INFO  testCases.TC_003_LoginDDT - Providing login details
21:21:15.011 [main] INFO  testCases.TC_003_LoginDDT - Clicked on Login button
21:21:15.011 [main] INFO  testCases.TC_003_LoginDDT - Validating My Account page is exists or not
21:21:15.870 [main] INFO  testCases.TC_003_LoginDDT - *** Starting TC003_LoginDDT ***
21:21:16.043 [main] INFO  testCases.TC_003_LoginDDT - Clicked on My Account
21:21:16.933 [main] INFO  testCases.TC_003_LoginDDT - Clicked on Login
21:21:16.935 [main] INFO  testCases.TC_003_LoginDDT - Providing login details
21:21:18.407 [main] INFO  testCases.TC_003_LoginDDT - Clicked on Login button
21:21:18.407 [main] INFO  testCases.TC_003_LoginDDT - Validating My Account page is exists or not
21:21:28.480 [main] INFO  testCases.TC_003_LoginDDT - *** Starting TC003_LoginDDT ***
21:21:28.572 [main] INFO  testCases.TC_003_LoginDDT - Clicked on My Account
21:21:29.332 [main] INFO  testCases.TC_003_LoginDDT - Clicked on Login
21:21:29.333 [main] INFO  testCases.TC_003_LoginDDT - Providing login details
21:21:30.621 [main] INFO  testCases.TC_003_LoginDDT - Clicked on Login button
21:21:30.622 [main] INFO  testCases.TC_003_LoginDDT - Validating My Account page is exists or not
21:21:40.680 [main] INFO  testCases.TC_003_LoginDDT - *** Starting TC003_LoginDDT ***
21:21:40.824 [main] INFO  testCases.TC_003_LoginDDT - Clicked on My Account
21:21:41.662 [main] INFO  testCases.TC_003_LoginDDT - Clicked on Login
21:21:41.663 [main] INFO  testCases.TC_003_LoginDDT - Providing login details
21:21:42.851 [main] INFO  testCases.TC_003_LoginDDT - Clicked on Login button
21:21:42.854 [main] INFO  testCases.TC_003_LoginDDT - Validating My Account page is exists or not
21:21:52.926 [main] INFO  testCases.TC_003_LoginDDT - *** Starting TC003_LoginDDT ***
21:21:53.053 [main] INFO  testCases.TC_003_LoginDDT - Clicked on My Account
21:21:53.658 [main] INFO  testCases.TC_003_LoginDDT - Clicked on Login
21:21:53.659 [main] INFO  testCases.TC_003_LoginDDT - Providing login details
21:21:54.851 [main] INFO  testCases.TC_003_LoginDDT - Clicked on Login button
21:21:54.853 [main] INFO  testCases.TC_003_LoginDDT - Validating My Account page is exists or not
21:22:10.415 [main] INFO  testCases.TC_004_ProductSearchTest - *** Starting TC_004_ProductSearchTest ***
21:22:10.576 [main] INFO  testCases.TC_004_ProductSearchTest - Entered product name for searching
21:22:11.320 [main] INFO  testCases.TC_004_ProductSearchTest - Clicked on search button
21:22:11.322 [main] INFO  testCases.TC_004_ProductSearchTest - Validating product is available or not
21:22:15.985 [main] INFO  testCases.TC_005_TabletMenuTest - *** Starting TC_005_TabletMenuTest ***
12:12:25.430 [main] DEBUG org.testng.TestNG - suiteXmlPath: "D:\Automation_Projects\OpencartWebAutomation\testng.xml"
12:12:30.438 [main] INFO  testCases.TC_001_AccountRegistrationTest - *** Starting TC001_AccountRegistrationTest ***
12:12:30.563 [main] INFO  testCases.TC_001_AccountRegistrationTest - Clicked on MyAccount Link
12:12:30.931 [main] INFO  testCases.TC_001_AccountRegistrationTest - Clicked on Register Link
12:12:30.931 [main] INFO  testCases.TC_001_AccountRegistrationTest - Providing customer details
12:12:33.930 [main] INFO  testCases.TC_001_AccountRegistrationTest - Validating expected message
12:12:36.387 [main] INFO  testCases.TC_002_LoginTest - *** Starting TC002_LoginTest ***
12:12:36.495 [main] INFO  testCases.TC_002_LoginTest - Clicked on My Account
12:12:36.734 [main] INFO  testCases.TC_002_LoginTest - Clicked on Login
12:12:36.735 [main] INFO  testCases.TC_002_LoginTest - Providing login details
12:12:37.240 [main] INFO  testCases.TC_002_LoginTest - Clicked on Login button
12:12:37.241 [main] INFO  testCases.TC_002_LoginTest - Validating My Account page is exists or not
12:12:39.319 [main] DEBUG org.apache.poi.openxml4j.opc.PackageRelationshipCollection - Parsing relationship: /xl/_rels/workbook.xml.rels
12:12:39.322 [main] DEBUG org.apache.poi.openxml4j.opc.PackageRelationshipCollection - Parsing relationship: /xl/worksheets/_rels/sheet1.xml.rels
12:12:39.323 [main] DEBUG org.apache.poi.openxml4j.opc.PackageRelationshipCollection - Parsing relationship: /_rels/.rels
12:12:39.841 [main] DEBUG org.apache.poi.openxml4j.opc.PackageRelationshipCollection - Parsing relationship: /xl/_rels/workbook.xml.rels
12:12:39.842 [main] DEBUG org.apache.poi.openxml4j.opc.PackageRelationshipCollection - Parsing relationship: /xl/worksheets/_rels/sheet1.xml.rels
12:12:39.843 [main] DEBUG org.apache.poi.openxml4j.opc.PackageRelationshipCollection - Parsing relationship: /_rels/.rels
12:12:39.871 [main] DEBUG org.apache.poi.openxml4j.opc.PackageRelationshipCollection - Parsing relationship: /xl/_rels/workbook.xml.rels
12:12:39.872 [main] DEBUG org.apache.poi.openxml4j.opc.PackageRelationshipCollection - Parsing relationship: /xl/worksheets/_rels/sheet1.xml.rels
12:12:39.873 [main] DEBUG org.apache.poi.openxml4j.opc.PackageRelationshipCollection - Parsing relationship: /_rels/.rels
12:12:39.899 [main] DEBUG org.apache.poi.openxml4j.opc.PackageRelationshipCollection - Parsing relationship: /xl/_rels/workbook.xml.rels
12:12:39.900 [main] DEBUG org.apache.poi.openxml4j.opc.PackageRelationshipCollection - Parsing relationship: /xl/worksheets/_rels/sheet1.xml.rels
12:12:39.901 [main] DEBUG org.apache.poi.openxml4j.opc.PackageRelationshipCollection - Parsing relationship: /_rels/.rels
12:12:39.919 [main] DEBUG org.apache.poi.openxml4j.opc.PackageRelationshipCollection - Parsing relationship: /xl/_rels/workbook.xml.rels
12:12:39.919 [main] DEBUG org.apache.poi.openxml4j.opc.PackageRelationshipCollection - Parsing relationship: /xl/worksheets/_rels/sheet1.xml.rels
12:12:39.920 [main] DEBUG org.apache.poi.openxml4j.opc.PackageRelationshipCollection - Parsing relationship: /_rels/.rels
12:12:39.935 [main] DEBUG org.apache.poi.openxml4j.opc.PackageRelationshipCollection - Parsing relationship: /xl/_rels/workbook.xml.rels
12:12:39.936 [main] DEBUG org.apache.poi.openxml4j.opc.PackageRelationshipCollection - Parsing relationship: /xl/worksheets/_rels/sheet1.xml.rels
12:12:39.936 [main] DEBUG org.apache.poi.openxml4j.opc.PackageRelationshipCollection - Parsing relationship: /_rels/.rels
12:12:39.952 [main] DEBUG org.apache.poi.openxml4j.opc.PackageRelationshipCollection - Parsing relationship: /xl/_rels/workbook.xml.rels
12:12:39.953 [main] DEBUG org.apache.poi.openxml4j.opc.PackageRelationshipCollection - Parsing relationship: /xl/worksheets/_rels/sheet1.xml.rels
12:12:39.954 [main] DEBUG org.apache.poi.openxml4j.opc.PackageRelationshipCollection - Parsing relationship: /_rels/.rels
12:12:39.971 [main] DEBUG org.apache.poi.openxml4j.opc.PackageRelationshipCollection - Parsing relationship: /xl/_rels/workbook.xml.rels
12:12:39.971 [main] DEBUG org.apache.poi.openxml4j.opc.PackageRelationshipCollection - Parsing relationship: /xl/worksheets/_rels/sheet1.xml.rels
12:12:39.972 [main] DEBUG org.apache.poi.openxml4j.opc.PackageRelationshipCollection - Parsing relationship: /_rels/.rels
12:12:39.985 [main] DEBUG org.apache.poi.openxml4j.opc.PackageRelationshipCollection - Parsing relationship: /xl/_rels/workbook.xml.rels
12:12:39.986 [main] DEBUG org.apache.poi.openxml4j.opc.PackageRelationshipCollection - Parsing relationship: /xl/worksheets/_rels/sheet1.xml.rels
12:12:39.987 [main] DEBUG org.apache.poi.openxml4j.opc.PackageRelationshipCollection - Parsing relationship: /_rels/.rels
12:12:40.000 [main] DEBUG org.apache.poi.openxml4j.opc.PackageRelationshipCollection - Parsing relationship: /xl/_rels/workbook.xml.rels
12:12:40.001 [main] DEBUG org.apache.poi.openxml4j.opc.PackageRelationshipCollection - Parsing relationship: /xl/worksheets/_rels/sheet1.xml.rels
12:12:40.002 [main] DEBUG org.apache.poi.openxml4j.opc.PackageRelationshipCollection - Parsing relationship: /_rels/.rels
12:12:40.018 [main] DEBUG org.apache.poi.openxml4j.opc.PackageRelationshipCollection - Parsing relationship: /xl/_rels/workbook.xml.rels
12:12:40.018 [main] DEBUG org.apache.poi.openxml4j.opc.PackageRelationshipCollection - Parsing relationship: /xl/worksheets/_rels/sheet1.xml.rels
12:12:40.019 [main] DEBUG org.apache.poi.openxml4j.opc.PackageRelationshipCollection - Parsing relationship: /_rels/.rels
12:12:40.031 [main] DEBUG org.apache.poi.openxml4j.opc.PackageRelationshipCollection - Parsing relationship: /xl/_rels/workbook.xml.rels
12:12:40.031 [main] DEBUG org.apache.poi.openxml4j.opc.PackageRelationshipCollection - Parsing relationship: /xl/worksheets/_rels/sheet1.xml.rels
12:12:40.032 [main] DEBUG org.apache.poi.openxml4j.opc.PackageRelationshipCollection - Parsing relationship: /_rels/.rels
12:12:40.044 [main] DEBUG org.apache.poi.openxml4j.opc.PackageRelationshipCollection - Parsing relationship: /xl/_rels/workbook.xml.rels
12:12:40.045 [main] DEBUG org.apache.poi.openxml4j.opc.PackageRelationshipCollection - Parsing relationship: /xl/worksheets/_rels/sheet1.xml.rels
12:12:40.046 [main] DEBUG org.apache.poi.openxml4j.opc.PackageRelationshipCollection - Parsing relationship: /_rels/.rels
12:12:40.060 [main] DEBUG org.apache.poi.openxml4j.opc.PackageRelationshipCollection - Parsing relationship: /xl/_rels/workbook.xml.rels
12:12:40.061 [main] DEBUG org.apache.poi.openxml4j.opc.PackageRelationshipCollection - Parsing relationship: /xl/worksheets/_rels/sheet1.xml.rels
12:12:40.061 [main] DEBUG org.apache.poi.openxml4j.opc.PackageRelationshipCollection - Parsing relationship: /_rels/.rels
12:12:40.073 [main] DEBUG org.apache.poi.openxml4j.opc.PackageRelationshipCollection - Parsing relationship: /xl/_rels/workbook.xml.rels
12:12:40.074 [main] DEBUG org.apache.poi.openxml4j.opc.PackageRelationshipCollection - Parsing relationship: /xl/worksheets/_rels/sheet1.xml.rels
12:12:40.074 [main] DEBUG org.apache.poi.openxml4j.opc.PackageRelationshipCollection - Parsing relationship: /_rels/.rels
12:12:40.086 [main] DEBUG org.apache.poi.openxml4j.opc.PackageRelationshipCollection - Parsing relationship: /xl/_rels/workbook.xml.rels
12:12:40.086 [main] DEBUG org.apache.poi.openxml4j.opc.PackageRelationshipCollection - Parsing relationship: /xl/worksheets/_rels/sheet1.xml.rels
12:12:40.087 [main] DEBUG org.apache.poi.openxml4j.opc.PackageRelationshipCollection - Parsing relationship: /_rels/.rels
12:12:40.099 [main] DEBUG org.apache.poi.openxml4j.opc.PackageRelationshipCollection - Parsing relationship: /xl/_rels/workbook.xml.rels
12:12:40.099 [main] DEBUG org.apache.poi.openxml4j.opc.PackageRelationshipCollection - Parsing relationship: /xl/worksheets/_rels/sheet1.xml.rels
12:12:40.100 [main] DEBUG org.apache.poi.openxml4j.opc.PackageRelationshipCollection - Parsing relationship: /_rels/.rels
12:12:40.118 [main] INFO  testCases.TC_003_LoginDDT - *** Starting TC003_LoginDDT ***
12:12:40.171 [main] INFO  testCases.TC_003_LoginDDT - Clicked on My Account
12:12:40.402 [main] INFO  testCases.TC_003_LoginDDT - Clicked on Login
12:12:40.403 [main] INFO  testCases.TC_003_LoginDDT - Providing login details
12:12:40.843 [main] INFO  testCases.TC_003_LoginDDT - Clicked on Login button
12:12:40.846 [main] INFO  testCases.TC_003_LoginDDT - Validating My Account page is exists or not
12:12:41.202 [main] INFO  testCases.TC_003_LoginDDT - *** Starting TC003_LoginDDT ***
12:12:41.289 [main] INFO  testCases.TC_003_LoginDDT - Clicked on My Account
12:12:41.543 [main] INFO  testCases.TC_003_LoginDDT - Clicked on Login
12:12:41.543 [main] INFO  testCases.TC_003_LoginDDT - Providing login details
12:12:42.133 [main] INFO  testCases.TC_003_LoginDDT - Clicked on Login button
12:12:42.133 [main] INFO  testCases.TC_003_LoginDDT - Validating My Account page is exists or not
12:12:52.224 [main] INFO  testCases.TC_003_LoginDDT - *** Starting TC003_LoginDDT ***
12:12:52.265 [main] INFO  testCases.TC_003_LoginDDT - Clicked on My Account
12:12:52.531 [main] INFO  testCases.TC_003_LoginDDT - Clicked on Login
12:12:52.533 [main] INFO  testCases.TC_003_LoginDDT - Providing login details
12:12:53.110 [main] INFO  testCases.TC_003_LoginDDT - Clicked on Login button
12:12:53.111 [main] INFO  testCases.TC_003_LoginDDT - Validating My Account page is exists or not
12:13:03.183 [main] INFO  testCases.TC_003_LoginDDT - *** Starting TC003_LoginDDT ***
12:13:03.224 [main] INFO  testCases.TC_003_LoginDDT - Clicked on My Account
12:13:03.439 [main] INFO  testCases.TC_003_LoginDDT - Clicked on Login
12:13:03.440 [main] INFO  testCases.TC_003_LoginDDT - Providing login details
12:13:03.913 [main] INFO  testCases.TC_003_LoginDDT - Clicked on Login button
12:13:03.913 [main] INFO  testCases.TC_003_LoginDDT - Validating My Account page is exists or not
12:13:13.974 [main] INFO  testCases.TC_003_LoginDDT - *** Starting TC003_LoginDDT ***
12:13:14.017 [main] INFO  testCases.TC_003_LoginDDT - Clicked on My Account
12:13:14.214 [main] INFO  testCases.TC_003_LoginDDT - Clicked on Login
12:13:14.214 [main] INFO  testCases.TC_003_LoginDDT - Providing login details
12:13:14.568 [main] INFO  testCases.TC_003_LoginDDT - Clicked on Login button
12:13:14.569 [main] INFO  testCases.TC_003_LoginDDT - Validating My Account page is exists or not
12:13:27.595 [main] INFO  testCases.TC_004_ProductSearchTest - *** Starting TC_004_ProductSearchTest ***
12:13:27.694 [main] INFO  testCases.TC_004_ProductSearchTest - Entered product name for searching
12:13:28.072 [main] INFO  testCases.TC_004_ProductSearchTest - Clicked on search button
12:13:28.073 [main] INFO  testCases.TC_004_ProductSearchTest - Validating product is available or not
12:13:31.164 [main] INFO  testCases.TC_005_TabletMenuTest - *** Starting TC_005_TabletMenuTest ***
18:42:03.661 [main] DEBUG org.testng.TestNG - suiteXmlPath: "D:\Automation_Projects\OpencartWebAutomation\testng.xml"
18:42:12.728 [main] INFO  testCases.TC_001_AccountRegistrationTest - *** Starting TC001_AccountRegistrationTest ***
18:42:13.005 [main] INFO  testCases.TC_001_AccountRegistrationTest - Clicked on MyAccount Link
18:42:14.563 [main] INFO  testCases.TC_001_AccountRegistrationTest - Clicked on Register Link
18:42:14.563 [main] INFO  testCases.TC_001_AccountRegistrationTest - Providing customer details
18:42:19.695 [main] INFO  testCases.TC_001_AccountRegistrationTest - Validating expected message
18:42:26.991 [main] INFO  testCases.TC_002_LoginTest - *** Starting TC002_LoginTest ***
18:42:27.766 [main] INFO  testCases.TC_002_LoginTest - Clicked on My Account
18:42:28.705 [main] INFO  testCases.TC_002_LoginTest - Clicked on Login
18:42:28.712 [main] INFO  testCases.TC_002_LoginTest - Providing login details
18:42:30.319 [main] INFO  testCases.TC_002_LoginTest - Clicked on Login button
18:42:30.323 [main] INFO  testCases.TC_002_LoginTest - Validating My Account page is exists or not
18:42:37.303 [main] DEBUG org.apache.poi.openxml4j.opc.PackageRelationshipCollection - Parsing relationship: /xl/_rels/workbook.xml.rels
18:42:37.313 [main] DEBUG org.apache.poi.openxml4j.opc.PackageRelationshipCollection - Parsing relationship: /xl/worksheets/_rels/sheet1.xml.rels
18:42:37.320 [main] DEBUG org.apache.poi.openxml4j.opc.PackageRelationshipCollection - Parsing relationship: /_rels/.rels
18:42:39.444 [main] DEBUG org.apache.poi.openxml4j.opc.PackageRelationshipCollection - Parsing relationship: /xl/_rels/workbook.xml.rels
18:42:39.448 [main] DEBUG org.apache.poi.openxml4j.opc.PackageRelationshipCollection - Parsing relationship: /xl/worksheets/_rels/sheet1.xml.rels
18:42:39.453 [main] DEBUG org.apache.poi.openxml4j.opc.PackageRelationshipCollection - Parsing relationship: /_rels/.rels
18:42:39.550 [main] DEBUG org.apache.poi.openxml4j.opc.PackageRelationshipCollection - Parsing relationship: /xl/_rels/workbook.xml.rels
18:42:39.553 [main] DEBUG org.apache.poi.openxml4j.opc.PackageRelationshipCollection - Parsing relationship: /xl/worksheets/_rels/sheet1.xml.rels
18:42:39.556 [main] DEBUG org.apache.poi.openxml4j.opc.PackageRelationshipCollection - Parsing relationship: /_rels/.rels
18:42:39.670 [main] DEBUG org.apache.poi.openxml4j.opc.PackageRelationshipCollection - Parsing relationship: /xl/_rels/workbook.xml.rels
18:42:39.673 [main] DEBUG org.apache.poi.openxml4j.opc.PackageRelationshipCollection - Parsing relationship: /xl/worksheets/_rels/sheet1.xml.rels
18:42:39.680 [main] DEBUG org.apache.poi.openxml4j.opc.PackageRelationshipCollection - Parsing relationship: /_rels/.rels
18:42:39.979 [main] DEBUG org.apache.poi.openxml4j.opc.PackageRelationshipCollection - Parsing relationship: /xl/_rels/workbook.xml.rels
18:42:39.984 [main] DEBUG org.apache.poi.openxml4j.opc.PackageRelationshipCollection - Parsing relationship: /xl/worksheets/_rels/sheet1.xml.rels
18:42:39.986 [main] DEBUG org.apache.poi.openxml4j.opc.PackageRelationshipCollection - Parsing relationship: /_rels/.rels
18:42:40.212 [main] DEBUG org.apache.poi.openxml4j.opc.PackageRelationshipCollection - Parsing relationship: /xl/_rels/workbook.xml.rels
18:42:40.217 [main] DEBUG org.apache.poi.openxml4j.opc.PackageRelationshipCollection - Parsing relationship: /xl/worksheets/_rels/sheet1.xml.rels
18:42:40.258 [main] DEBUG org.apache.poi.openxml4j.opc.PackageRelationshipCollection - Parsing relationship: /_rels/.rels
18:42:40.457 [main] DEBUG org.apache.poi.openxml4j.opc.PackageRelationshipCollection - Parsing relationship: /xl/_rels/workbook.xml.rels
18:42:40.469 [main] DEBUG org.apache.poi.openxml4j.opc.PackageRelationshipCollection - Parsing relationship: /xl/worksheets/_rels/sheet1.xml.rels
18:42:40.472 [main] DEBUG org.apache.poi.openxml4j.opc.PackageRelationshipCollection - Parsing relationship: /_rels/.rels
18:42:40.665 [main] DEBUG org.apache.poi.openxml4j.opc.PackageRelationshipCollection - Parsing relationship: /xl/_rels/workbook.xml.rels
18:42:40.667 [main] DEBUG org.apache.poi.openxml4j.opc.PackageRelationshipCollection - Parsing relationship: /xl/worksheets/_rels/sheet1.xml.rels
18:42:40.669 [main] DEBUG org.apache.poi.openxml4j.opc.PackageRelationshipCollection - Parsing relationship: /_rels/.rels
18:42:40.752 [main] DEBUG org.apache.poi.openxml4j.opc.PackageRelationshipCollection - Parsing relationship: /xl/_rels/workbook.xml.rels
18:42:40.753 [main] DEBUG org.apache.poi.openxml4j.opc.PackageRelationshipCollection - Parsing relationship: /xl/worksheets/_rels/sheet1.xml.rels
18:42:40.755 [main] DEBUG org.apache.poi.openxml4j.opc.PackageRelationshipCollection - Parsing relationship: /_rels/.rels
18:42:40.804 [main] DEBUG org.apache.poi.openxml4j.opc.PackageRelationshipCollection - Parsing relationship: /xl/_rels/workbook.xml.rels
18:42:40.806 [main] DEBUG org.apache.poi.openxml4j.opc.PackageRelationshipCollection - Parsing relationship: /xl/worksheets/_rels/sheet1.xml.rels
18:42:40.808 [main] DEBUG org.apache.poi.openxml4j.opc.PackageRelationshipCollection - Parsing relationship: /_rels/.rels
18:42:40.858 [main] DEBUG org.apache.poi.openxml4j.opc.PackageRelationshipCollection - Parsing relationship: /xl/_rels/workbook.xml.rels
18:42:40.860 [main] DEBUG org.apache.poi.openxml4j.opc.PackageRelationshipCollection - Parsing relationship: /xl/worksheets/_rels/sheet1.xml.rels
18:42:40.864 [main] DEBUG org.apache.poi.openxml4j.opc.PackageRelationshipCollection - Parsing relationship: /_rels/.rels
18:42:40.905 [main] DEBUG org.apache.poi.openxml4j.opc.PackageRelationshipCollection - Parsing relationship: /xl/_rels/workbook.xml.rels
18:42:40.907 [main] DEBUG org.apache.poi.openxml4j.opc.PackageRelationshipCollection - Parsing relationship: /xl/worksheets/_rels/sheet1.xml.rels
18:42:40.908 [main] DEBUG org.apache.poi.openxml4j.opc.PackageRelationshipCollection - Parsing relationship: /_rels/.rels
18:42:40.958 [main] DEBUG org.apache.poi.openxml4j.opc.PackageRelationshipCollection - Parsing relationship: /xl/_rels/workbook.xml.rels
18:42:40.960 [main] DEBUG org.apache.poi.openxml4j.opc.PackageRelationshipCollection - Parsing relationship: /xl/worksheets/_rels/sheet1.xml.rels
18:42:40.966 [main] DEBUG org.apache.poi.openxml4j.opc.PackageRelationshipCollection - Parsing relationship: /_rels/.rels
18:42:41.009 [main] DEBUG org.apache.poi.openxml4j.opc.PackageRelationshipCollection - Parsing relationship: /xl/_rels/workbook.xml.rels
18:42:41.012 [main] DEBUG org.apache.poi.openxml4j.opc.PackageRelationshipCollection - Parsing relationship: /xl/worksheets/_rels/sheet1.xml.rels
18:42:41.015 [main] DEBUG org.apache.poi.openxml4j.opc.PackageRelationshipCollection - Parsing relationship: /_rels/.rels
18:42:41.073 [main] DEBUG org.apache.poi.openxml4j.opc.PackageRelationshipCollection - Parsing relationship: /xl/_rels/workbook.xml.rels
18:42:41.075 [main] DEBUG org.apache.poi.openxml4j.opc.PackageRelationshipCollection - Parsing relationship: /xl/worksheets/_rels/sheet1.xml.rels
18:42:41.077 [main] DEBUG org.apache.poi.openxml4j.opc.PackageRelationshipCollection - Parsing relationship: /_rels/.rels
18:42:41.136 [main] DEBUG org.apache.poi.openxml4j.opc.PackageRelationshipCollection - Parsing relationship: /xl/_rels/workbook.xml.rels
18:42:41.138 [main] DEBUG org.apache.poi.openxml4j.opc.PackageRelationshipCollection - Parsing relationship: /xl/worksheets/_rels/sheet1.xml.rels
18:42:41.139 [main] DEBUG org.apache.poi.openxml4j.opc.PackageRelationshipCollection - Parsing relationship: /_rels/.rels
18:42:41.194 [main] DEBUG org.apache.poi.openxml4j.opc.PackageRelationshipCollection - Parsing relationship: /xl/_rels/workbook.xml.rels
18:42:41.199 [main] DEBUG org.apache.poi.openxml4j.opc.PackageRelationshipCollection - Parsing relationship: /xl/worksheets/_rels/sheet1.xml.rels
18:42:41.201 [main] DEBUG org.apache.poi.openxml4j.opc.PackageRelationshipCollection - Parsing relationship: /_rels/.rels
18:42:41.244 [main] INFO  testCases.TC_003_LoginDDT - *** Starting TC003_LoginDDT ***
18:42:42.103 [main] INFO  testCases.TC_003_LoginDDT - Clicked on My Account
18:42:43.109 [main] INFO  testCases.TC_003_LoginDDT - Clicked on Login
18:42:43.110 [main] INFO  testCases.TC_003_LoginDDT - Providing login details
18:42:45.138 [main] INFO  testCases.TC_003_LoginDDT - Clicked on Login button
18:42:45.141 [main] INFO  testCases.TC_003_LoginDDT - Validating My Account page is exists or not
18:42:46.525 [main] INFO  testCases.TC_003_LoginDDT - *** Starting TC003_LoginDDT ***
18:42:47.135 [main] INFO  testCases.TC_003_LoginDDT - Clicked on My Account
18:42:49.141 [main] INFO  testCases.TC_003_LoginDDT - Clicked on Login
18:42:49.143 [main] INFO  testCases.TC_003_LoginDDT - Providing login details
18:42:51.334 [main] INFO  testCases.TC_003_LoginDDT - Clicked on Login button
18:42:51.335 [main] INFO  testCases.TC_003_LoginDDT - Validating My Account page is exists or not
18:43:01.401 [main] INFO  testCases.TC_003_LoginDDT - *** Starting TC003_LoginDDT ***
18:43:01.602 [main] INFO  testCases.TC_003_LoginDDT - Clicked on My Account
18:43:02.403 [main] INFO  testCases.TC_003_LoginDDT - Clicked on Login
18:43:02.405 [main] INFO  testCases.TC_003_LoginDDT - Providing login details
18:43:03.551 [main] INFO  testCases.TC_003_LoginDDT - Clicked on Login button
18:43:03.551 [main] INFO  testCases.TC_003_LoginDDT - Validating My Account page is exists or not
18:43:13.587 [main] INFO  testCases.TC_003_LoginDDT - *** Starting TC003_LoginDDT ***
18:43:13.722 [main] INFO  testCases.TC_003_LoginDDT - Clicked on My Account
18:43:14.515 [main] INFO  testCases.TC_003_LoginDDT - Clicked on Login
18:43:14.518 [main] INFO  testCases.TC_003_LoginDDT - Providing login details
18:43:15.906 [main] INFO  testCases.TC_003_LoginDDT - Clicked on Login button
18:43:15.908 [main] INFO  testCases.TC_003_LoginDDT - Validating My Account page is exists or not
18:43:25.983 [main] INFO  testCases.TC_003_LoginDDT - *** Starting TC003_LoginDDT ***
18:43:26.110 [main] INFO  testCases.TC_003_LoginDDT - Clicked on My Account
18:43:26.834 [main] INFO  testCases.TC_003_LoginDDT - Clicked on Login
18:43:26.834 [main] INFO  testCases.TC_003_LoginDDT - Providing login details
18:43:28.186 [main] INFO  testCases.TC_003_LoginDDT - Clicked on Login button
18:43:28.188 [main] INFO  testCases.TC_003_LoginDDT - Validating My Account page is exists or not
18:43:43.806 [main] INFO  testCases.TC_004_ProductSearchTest - *** Starting TC_004_ProductSearchTest ***
18:43:44.041 [main] INFO  testCases.TC_004_ProductSearchTest - Entered product name for searching
18:43:45.432 [main] INFO  testCases.TC_004_ProductSearchTest - Clicked on search button
18:43:45.433 [main] INFO  testCases.TC_004_ProductSearchTest - Validating product is available or not
18:43:51.209 [main] INFO  testCases.TC_005_TabletMenuTest - *** Starting TC_005_TabletMenuTest ***
